<?xml version="1.0" encoding="UTF-8"?>
<!-- Generated by org.testng.reporters.JUnitReportReporter -->
<testsuite skipped="0" hostname="FNFILPT022" name="MySeleniumGroupid.MySelenium.AppTest" tests="1" failures="0" timestamp="31 Dec 2018 15:14:27 GMT" time="0.026" errors="0">
  <testcase name="shouldAnswerWithTrue" time="0.026" classname="MySeleniumGroupid.MySelenium.AppTest"/>
</testsuite> <!-- MySeleniumGroupid.MySelenium.AppTest -->
